<?xml version="1.0" encoding="UTF-8"?>
<robot generator="Robot 3.0.4 (Python 3.6.7 on win32)" generated="20181121 16:03:28.312">
<suite id="s1" name="Front Office" source="C:\Users\Emoov\RobotCourse\BryanLamb\tests\front_office.robot">
<test id="s1-t1" name="User should be able to navigate to Team section">
<kw name="Begin Web Test" library="Common" type="setup">
<kw name="Open Browser" library="SeleniumLibrary">
<doc>Opens a new browser instance to the given ``url``.</doc>
<arguments>
<arg>about:blank</arg>
<arg>${BROWSER}</arg>
</arguments>
<msg timestamp="20181121 16:03:28.479" level="INFO">Opening browser 'chrome' to base url 'about:blank'.</msg>
<status status="PASS" starttime="20181121 16:03:28.479" endtime="20181121 16:03:30.947"></status>
</kw>
<kw name="Go To" library="SeleniumLibrary">
<doc>Navigates the active browser instance to the provided ``url``.</doc>
<arguments>
<arg>${URL}</arg>
</arguments>
<msg timestamp="20181121 16:03:30.948" level="INFO">Opening url 'http://www.robotframeworktutorial.com/front-office/'</msg>
<status status="PASS" starttime="20181121 16:03:30.947" endtime="20181121 16:03:33.119"></status>
</kw>
<kw name="Maximize Browser Window" library="SeleniumLibrary">
<doc>Maximizes current browser window.</doc>
<status status="PASS" starttime="20181121 16:03:33.119" endtime="20181121 16:03:34.259"></status>
</kw>
<status status="PASS" starttime="20181121 16:03:28.479" endtime="20181121 16:03:34.259"></status>
</kw>
<kw name="Click Team button" library="TopNav">
<kw name="Click Element" library="SeleniumLibrary">
<doc>Click element identified by ``locator``.</doc>
<arguments>
<arg>${TEAM_BUTTON}</arg>
</arguments>
<msg timestamp="20181121 16:03:34.261" level="INFO">Clicking element 'xpath = //a[@href='#team']'.</msg>
<status status="PASS" starttime="20181121 16:03:34.260" endtime="20181121 16:03:34.350"></status>
</kw>
<status status="PASS" starttime="20181121 16:03:34.260" endtime="20181121 16:03:34.351"></status>
</kw>
<kw name="End Web Test" library="Common" type="teardown">
<kw name="Close Browser" library="SeleniumLibrary">
<doc>Closes the current browser.</doc>
<status status="PASS" starttime="20181121 16:03:34.355" endtime="20181121 16:03:36.585"></status>
</kw>
<status status="PASS" starttime="20181121 16:03:34.354" endtime="20181121 16:03:36.586"></status>
</kw>
<status status="PASS" starttime="20181121 16:03:28.479" endtime="20181121 16:03:36.587" critical="yes"></status>
</test>
<test id="s1-t2" name="User should see the heading of Team section">
<kw name="Begin Web Test" library="Common" type="setup">
<kw name="Open Browser" library="SeleniumLibrary">
<doc>Opens a new browser instance to the given ``url``.</doc>
<arguments>
<arg>about:blank</arg>
<arg>${BROWSER}</arg>
</arguments>
<msg timestamp="20181121 16:03:36.594" level="INFO">Opening browser 'chrome' to base url 'about:blank'.</msg>
<status status="PASS" starttime="20181121 16:03:36.593" endtime="20181121 16:03:38.795"></status>
</kw>
<kw name="Go To" library="SeleniumLibrary">
<doc>Navigates the active browser instance to the provided ``url``.</doc>
<arguments>
<arg>${URL}</arg>
</arguments>
<msg timestamp="20181121 16:03:38.796" level="INFO">Opening url 'http://www.robotframeworktutorial.com/front-office/'</msg>
<status status="PASS" starttime="20181121 16:03:38.795" endtime="20181121 16:03:41.000"></status>
</kw>
<kw name="Maximize Browser Window" library="SeleniumLibrary">
<doc>Maximizes current browser window.</doc>
<status status="PASS" starttime="20181121 16:03:41.000" endtime="20181121 16:03:42.121"></status>
</kw>
<status status="PASS" starttime="20181121 16:03:36.592" endtime="20181121 16:03:42.121"></status>
</kw>
<kw name="Confirm correct heading" library="Team">
<kw name="Wait Until Page Contains Element" library="SeleniumLibrary">
<doc>Waits until element ``locator`` appears on current page.</doc>
<arguments>
<arg>${TEAM_HEADING}</arg>
</arguments>
<status status="PASS" starttime="20181121 16:03:42.122" endtime="20181121 16:03:42.144"></status>
</kw>
<status status="PASS" starttime="20181121 16:03:42.122" endtime="20181121 16:03:42.144"></status>
</kw>
<kw name="End Web Test" library="Common" type="teardown">
<kw name="Close Browser" library="SeleniumLibrary">
<doc>Closes the current browser.</doc>
<status status="PASS" starttime="20181121 16:03:42.146" endtime="20181121 16:03:44.368"></status>
</kw>
<status status="PASS" starttime="20181121 16:03:42.145" endtime="20181121 16:03:44.370"></status>
</kw>
<status status="PASS" starttime="20181121 16:03:36.591" endtime="20181121 16:03:44.371" critical="yes"></status>
</test>
<doc>This is a basic automation test</doc>
<status status="PASS" starttime="20181121 16:03:28.314" endtime="20181121 16:03:44.376"></status>
</suite>
<statistics>
<total>
<stat pass="2" fail="0">Critical Tests</stat>
<stat pass="2" fail="0">All Tests</stat>
</total>
<tag>
</tag>
<suite>
<stat pass="2" fail="0" id="s1" name="Front Office">Front Office</stat>
</suite>
</statistics>
<errors>
</errors>
</robot>
