<?xml version="1.0" encoding="UTF-8"?>
<robot generator="Robot 3.0.4 (Python 3.6.7 on win32)" generated="20181121 16:50:00.382">
<suite id="s1" name="Tests" source="C:\Users\Emoov\RobotCourse\BryanLamb\tests">
<suite id="s1-s1" name="Front Office" source="C:\Users\Emoov\RobotCourse\BryanLamb\tests\Front_Office.robot">
<test id="s1-s1-t1" name="User should be able to navigate to &quot;Team&quot; section">
<kw name="Begin Web Test" library="Common" type="setup">
<kw name="Open Browser" library="SeleniumLibrary">
<doc>Opens a new browser instance to the given ``url``.</doc>
<arguments>
<arg>about:blank</arg>
<arg>${BROWSER}</arg>
</arguments>
<msg timestamp="20181121 16:50:00.632" level="INFO">Opening browser 'firefox' to base url 'about:blank'.</msg>
<status status="PASS" starttime="20181121 16:50:00.631" endtime="20181121 16:50:06.036"></status>
</kw>
<kw name="Maximize Browser Window" library="SeleniumLibrary">
<doc>Maximizes current browser window.</doc>
<status status="PASS" starttime="20181121 16:50:06.036" endtime="20181121 16:50:06.081"></status>
</kw>
<status status="PASS" starttime="20181121 16:50:00.631" endtime="20181121 16:50:06.084"></status>
</kw>
<kw name="Open web page" library="FrontOfficeApp">
<kw name="Navigate to the web page" library="Landing">
<kw name="Go To" library="SeleniumLibrary">
<doc>Navigates the active browser instance to the provided ``url``.</doc>
<arguments>
<arg>${URL}</arg>
</arguments>
<msg timestamp="20181121 16:50:06.091" level="INFO">Opening url 'http://www.robotframeworktutorial.com/front-office/'</msg>
<status status="PASS" starttime="20181121 16:50:06.089" endtime="20181121 16:50:10.130"></status>
</kw>
<status status="PASS" starttime="20181121 16:50:06.088" endtime="20181121 16:50:10.130"></status>
</kw>
<kw name="Varify page loaded" library="Landing">
<kw name="Wait Until Page Contains Element" library="SeleniumLibrary">
<doc>Waits until element ``locator`` appears on current page.</doc>
<arguments>
<arg>${MAIN_LOGO}</arg>
</arguments>
<status status="PASS" starttime="20181121 16:50:10.131" endtime="20181121 16:50:10.144"></status>
</kw>
<status status="PASS" starttime="20181121 16:50:10.131" endtime="20181121 16:50:10.144"></status>
</kw>
<status status="PASS" starttime="20181121 16:50:06.087" endtime="20181121 16:50:10.144"></status>
</kw>
<kw name="Press &quot;Team&quot; button" library="FrontOfficeApp">
<kw name="Click Team button" library="TopNav">
<kw name="Click Element" library="SeleniumLibrary">
<doc>Click element identified by ``locator``.</doc>
<arguments>
<arg>${TEAM_BUTTON}</arg>
</arguments>
<msg timestamp="20181121 16:50:10.145" level="INFO">Clicking element 'xpath = //a[@href='#team']'.</msg>
<status status="PASS" starttime="20181121 16:50:10.145" endtime="20181121 16:50:10.398"></status>
</kw>
<status status="PASS" starttime="20181121 16:50:10.144" endtime="20181121 16:50:10.398"></status>
</kw>
<status status="PASS" starttime="20181121 16:50:10.144" endtime="20181121 16:50:10.398"></status>
</kw>
<kw name="End Web Test" library="Common" type="teardown">
<kw name="Close Browser" library="SeleniumLibrary">
<doc>Closes the current browser.</doc>
<status status="PASS" starttime="20181121 16:50:10.400" endtime="20181121 16:50:11.390"></status>
</kw>
<status status="PASS" starttime="20181121 16:50:10.399" endtime="20181121 16:50:11.390"></status>
</kw>
<doc>THIS IS THE FIRST TC</doc>
<tags>
<tag>test1</tag>
</tags>
<status status="PASS" starttime="20181121 16:50:00.625" endtime="20181121 16:50:11.390" critical="yes"></status>
</test>
<test id="s1-s1-t2" name="User should see the heading of &quot;Team&quot; section">
<kw name="Begin Web Test" library="Common" type="setup">
<kw name="Open Browser" library="SeleniumLibrary">
<doc>Opens a new browser instance to the given ``url``.</doc>
<arguments>
<arg>about:blank</arg>
<arg>${BROWSER}</arg>
</arguments>
<msg timestamp="20181121 16:50:11.393" level="INFO">Opening browser 'firefox' to base url 'about:blank'.</msg>
<status status="PASS" starttime="20181121 16:50:11.393" endtime="20181121 16:50:19.726"></status>
</kw>
<kw name="Maximize Browser Window" library="SeleniumLibrary">
<doc>Maximizes current browser window.</doc>
<status status="PASS" starttime="20181121 16:50:19.726" endtime="20181121 16:50:19.752"></status>
</kw>
<status status="PASS" starttime="20181121 16:50:11.392" endtime="20181121 16:50:19.753"></status>
</kw>
<kw name="Open web page" library="FrontOfficeApp">
<kw name="Navigate to the web page" library="Landing">
<kw name="Go To" library="SeleniumLibrary">
<doc>Navigates the active browser instance to the provided ``url``.</doc>
<arguments>
<arg>${URL}</arg>
</arguments>
<msg timestamp="20181121 16:50:19.762" level="INFO">Opening url 'http://www.robotframeworktutorial.com/front-office/'</msg>
<status status="PASS" starttime="20181121 16:50:19.761" endtime="20181121 16:50:22.162"></status>
</kw>
<status status="PASS" starttime="20181121 16:50:19.760" endtime="20181121 16:50:22.162"></status>
</kw>
<kw name="Varify page loaded" library="Landing">
<kw name="Wait Until Page Contains Element" library="SeleniumLibrary">
<doc>Waits until element ``locator`` appears on current page.</doc>
<arguments>
<arg>${MAIN_LOGO}</arg>
</arguments>
<status status="PASS" starttime="20181121 16:50:22.163" endtime="20181121 16:50:22.171"></status>
</kw>
<status status="PASS" starttime="20181121 16:50:22.163" endtime="20181121 16:50:22.172"></status>
</kw>
<status status="PASS" starttime="20181121 16:50:19.758" endtime="20181121 16:50:22.172"></status>
</kw>
<kw name="Get confirmation" library="FrontOfficeApp">
<kw name="Confirm correct heading" library="Team">
<kw name="Wait Until Page Contains Element" library="SeleniumLibrary">
<doc>Waits until element ``locator`` appears on current page.</doc>
<arguments>
<arg>${TEAM_HEADING}</arg>
</arguments>
<status status="PASS" starttime="20181121 16:50:22.183" endtime="20181121 16:50:22.197"></status>
</kw>
<status status="PASS" starttime="20181121 16:50:22.181" endtime="20181121 16:50:22.197"></status>
</kw>
<status status="PASS" starttime="20181121 16:50:22.180" endtime="20181121 16:50:22.198"></status>
</kw>
<kw name="End Web Test" library="Common" type="teardown">
<kw name="Close Browser" library="SeleniumLibrary">
<doc>Closes the current browser.</doc>
<status status="PASS" starttime="20181121 16:50:22.205" endtime="20181121 16:50:23.368"></status>
</kw>
<status status="PASS" starttime="20181121 16:50:22.204" endtime="20181121 16:50:23.368"></status>
</kw>
<doc>THIS IS THE SECOND TC</doc>
<tags>
<tag>test2</tag>
</tags>
<status status="PASS" starttime="20181121 16:50:11.392" endtime="20181121 16:50:23.383" critical="yes"></status>
</test>
<doc>This is a basic automation test</doc>
<status status="PASS" starttime="20181121 16:50:00.416" endtime="20181121 16:50:23.386"></status>
</suite>
<status status="PASS" starttime="20181121 16:50:00.384" endtime="20181121 16:50:23.411"></status>
</suite>
<statistics>
<total>
<stat pass="2" fail="0">Critical Tests</stat>
<stat pass="2" fail="0">All Tests</stat>
</total>
<tag>
<stat pass="1" fail="0">test1</stat>
<stat pass="1" fail="0">test2</stat>
</tag>
<suite>
<stat pass="2" fail="0" id="s1" name="Tests">Tests</stat>
<stat pass="2" fail="0" id="s1-s1" name="Front Office">Tests.Front Office</stat>
</suite>
</statistics>
<errors>
</errors>
</robot>
